

times in msec
 clock   self+sourced   self:  sourced script
 clock   elapsed:              other lines

000.003  000.003: --- NVIM STARTING ---
000.048  000.044: event init
000.095  000.048: early init
000.183  000.088: locale set
000.207  000.024: init first window
000.361  000.154: inits 1
000.368  000.007: window checked
000.392  000.024: parsing arguments
000.646  000.030  000.030: require('vim.shared')
000.713  000.024  000.024: require('vim._meta')
000.715  000.066  000.042: require('vim._editor')
000.715  000.124  000.027: require('vim._init_packages')
000.719  000.203: init lua interpreter
000.754  000.035: expanding arguments
000.771  000.018: inits 2
000.994  000.223: init highlight
000.995  000.001: waiting for UI
001.360  000.365: done waiting for UI
001.402  000.042: clear screen
001.496  000.093: init default mappings & autocommands
006.125  001.157  001.157: sourcing /tmp/.mount_nvim4BOYAC/usr/share/nvim/runtime/ftplugin.vim
007.136  000.459  000.459: sourcing /tmp/.mount_nvim4BOYAC/usr/share/nvim/runtime/indent.vim
007.821  000.232  000.232: require('Juanfang.options')
007.902  000.080  000.080: require('Juanfang.keymaps')
008.764  000.196  000.196: require('packer.util')
008.783  000.815  000.619: require('packer')
009.316  000.217  000.217: require('packer.log')
009.322  000.313  000.096: require('packer.async')
009.534  000.079  000.079: require('packer.result')
009.537  000.214  000.135: require('packer.jobs')
009.541  000.731  000.204: require('packer.plugin_utils')
009.709  000.161  000.161: require('packer.snapshot')
009.946  002.042  000.336: require('Juanfang.plugins')
010.588  000.046  000.046: require('darkplus.palette')
010.591  000.543  000.498: require('darkplus.theme')
010.592  000.579  000.035: require('darkplus')
011.482  001.476  000.897: sourcing /home/juan/.local/share/nvim_fs/site/pack/packer/start/darkplus.nvim/colors/darkplus.vim
011.489  001.540  000.065: require('Juanfang.colorscheme')
011.954  000.073  000.073: require('lualine_require')
012.114  000.596  000.523: require('lualine')
016.148  000.047  000.047: require('lualine.utils.mode')
019.163  007.673  007.030: require('Juanfang.lualine')
019.916  000.049  000.049: require('cmp.utils.debug')
020.132  000.102  000.102: require('cmp.utils.char')
020.138  000.220  000.118: require('cmp.utils.str')
020.190  000.050  000.050: require('cmp.utils.pattern')
020.755  000.268  000.268: require('cmp.utils.misc')
020.815  000.058  000.058: require('cmp.utils.buffer')
020.923  000.106  000.106: require('cmp.utils.api')
020.936  000.623  000.190: require('cmp.utils.keymap')
020.943  000.751  000.129: require('cmp.utils.feedkeys')
021.092  000.148  000.148: require('cmp.utils.async')
021.253  000.046  000.046: require('cmp.types.cmp')
021.357  000.102  000.102: require('cmp.types.lsp')
021.393  000.034  000.034: require('cmp.types.vim')
021.395  000.223  000.041: require('cmp.types')
021.442  000.047  000.047: require('cmp.utils.cache')
021.445  000.351  000.081: require('cmp.context')
021.849  000.103  000.103: require('cmp.config.mapping')
022.055  000.132  000.132: require('cmp.config.compare')
022.057  000.206  000.073: require('cmp.config.default')
022.065  000.438  000.130: require('cmp.config')
022.463  000.128  000.128: require('cmp.matcher')
022.468  000.402  000.274: require('cmp.entry')
022.472  001.026  000.187: require('cmp.source')
022.645  000.051  000.051: require('cmp.utils.event')
022.933  000.042  000.042: require('cmp.utils.options')
022.937  000.198  000.156: require('cmp.utils.window')
022.939  000.292  000.094: require('cmp.view.docs_view')
023.236  000.060  000.060: require('cmp.utils.autocmd')
023.242  000.303  000.242: require('cmp.view.custom_entries_view')
023.396  000.152  000.152: require('cmp.view.wildmenu_entries_view')
023.507  000.110  000.110: require('cmp.view.native_entries_view')
023.587  000.078  000.078: require('cmp.view.ghost_text_view')
023.593  001.120  000.134: require('cmp.view')
023.903  004.418  000.702: require('cmp.core')
024.016  000.048  000.048: require('cmp.config.sources')
024.061  000.042  000.042: require('cmp.config.window')
024.121  004.868  000.359: require('cmp')
024.675  000.026  000.026: require('luasnip.session')
024.681  000.267  000.241: require('luasnip.util.util')
024.820  000.028  000.028: require('luasnip.session.snippet_collection.source')
024.825  000.143  000.115: require('luasnip.session.snippet_collection')
025.333  000.436  000.436: require('luasnip.util._builtin_vars')
025.365  000.028  000.028: require('vim.inspect')
025.455  000.629  000.164: require('luasnip.util.environ')
025.500  000.043  000.043: require('luasnip.util.extend_decorator')
025.604  000.026  000.026: require('luasnip.loaders._caches')
025.686  000.080  000.080: require('luasnip.util.path')
025.696  000.194  000.088: require('luasnip.loaders')
025.780  000.078  000.078: require('luasnip.util.log')
025.978  000.023  000.023: require('luasnip.util.types')
026.046  000.066  000.066: require('luasnip.util.ext_opts')
026.094  000.046  000.046: require('luasnip.extras.filetype_functions')
026.260  000.471  000.336: require('luasnip.config')
026.263  002.141  000.316: require('luasnip')
026.531  000.102  000.102: require('luasnip.loaders.util')
027.346  000.083  000.083: require('luasnip.nodes.util')
027.372  000.024  000.024: require('luasnip.util.events')
027.381  000.275  000.169: require('luasnip.nodes.node')
027.536  000.154  000.154: require('luasnip.nodes.insertNode')
027.591  000.052  000.052: require('luasnip.nodes.textNode')
027.694  000.101  000.101: require('luasnip.util.mark')
027.777  000.081  000.081: require('luasnip.util.pattern_tokenizer')
027.839  000.060  000.060: require('luasnip.util.dict')
027.880  001.231  000.508: require('luasnip.nodes.snippet')
028.283  000.091  000.091: require('luasnip.util.parser.neovim_ast')
028.388  000.103  000.103: require('luasnip.util.str')
030.768  000.109  000.109: require('luasnip.util.directed_graph')
030.776  002.746  002.442: require('luasnip.util.parser.ast_utils')
030.949  000.172  000.172: require('luasnip.nodes.functionNode')
031.187  000.235  000.235: require('luasnip.nodes.choiceNode')
031.328  000.139  000.139: require('luasnip.nodes.dynamicNode')
031.363  000.033  000.033: require('luasnip.util.functions')
031.369  003.487  000.162: require('luasnip.util.parser.ast_parser')
031.529  000.159  000.159: require('luasnip.util.parser.neovim_parser')
031.533  004.949  000.072: require('luasnip.util.parser')
031.535  005.002  000.053: require('luasnip.nodes.snippetProxy')
031.744  000.207  000.207: require('luasnip.util.jsonc')
031.749  005.484  000.173: require('luasnip/loaders/from_vscode')
036.111  016.944  004.451: require('Juanfang.cmp')
040.084  000.563  000.563: require('vim.lsp.log')
041.121  001.034  001.034: require('vim.lsp.protocol')
043.701  000.975  000.975: require('vim.lsp._snippet')
044.295  000.590  000.590: require('vim.highlight')
044.304  000.005  000.005: require('vim.F')
044.319  003.195  001.625: require('vim.lsp.util')
044.337  005.906  001.115: require('vim.lsp.handlers')
045.154  000.816  000.816: require('vim.lsp.rpc')
045.769  000.611  000.611: require('vim.lsp.sync')
046.517  000.745  000.745: require('vim.lsp.semantic_tokens')
047.355  000.834  000.834: require('vim.lsp.buf')
047.920  000.562  000.562: require('vim.lsp.diagnostic')
048.436  000.513  000.513: require('vim.lsp.codelens')
048.474  011.810  001.822: require('vim.lsp')
048.529  012.133  000.324: require('lspconfig.util')
048.532  012.330  000.197: require('lspconfig.configs')
048.534  012.393  000.063: require('lspconfig')
048.802  000.167  000.167: require('mason-core.path')
049.097  000.124  000.124: require('mason-core.functional')
049.336  000.047  000.047: require('mason-core.functional.data')
049.343  000.234  000.187: require('mason-core.functional.function')
049.452  000.082  000.082: require('mason-core.functional.relation')
049.572  000.112  000.112: require('mason-core.functional.logic')
049.585  000.781  000.230: require('mason-core.platform')
049.671  000.085  000.085: require('mason.settings')
049.675  001.097  000.065: require('mason')
050.076  000.146  000.146: require('mason-core.functional.list')
050.198  000.105  000.105: require('mason-core.functional.string')
050.223  000.463  000.212: require('mason.api.command')
050.315  000.088  000.088: require('mason-registry.sources')
050.746  000.232  000.232: require('mason-core.log')
050.794  000.046  000.046: require('mason-lspconfig.settings')
050.801  000.476  000.198: require('mason-lspconfig')
051.012  000.036  000.036: require('mason-lspconfig.notify')
051.015  000.166  000.130: require('mason-lspconfig.lspconfig_hook')
051.439  000.151  000.151: require('mason-core.functional.table')
051.483  000.455  000.304: require('mason-lspconfig.mappings.server')
051.747  000.053  000.053: require('mason-core.EventEmitter')
051.810  000.060  000.060: require('mason-core.optional')
052.010  000.110  000.110: require('mason-core.async')
052.046  000.034  000.034: require('mason-core.async.uv')
052.056  000.245  000.102: require('mason-core.fs')
052.069  000.584  000.226: require('mason-registry')
052.102  000.031  000.031: require('mason-lspconfig.server_config_extensions')
052.190  000.086  000.086: require('lspconfig.server_configurations.omnisharp')
052.297  000.055  000.055: require('mason-lspconfig.ensure_installed')
052.783  000.088  000.088: require('mason-core.result')
052.821  000.250  000.162: require('mason-core.purl')
052.829  000.410  000.160: require('mason-core.package')
053.100  000.138  000.138: require('mason-core.process')
053.227  000.125  000.125: require('mason-core.spawn')
053.230  000.316  000.054: require('mason-core.managers.powershell')
053.232  000.402  000.086: require('mason-core.fetch')
053.295  000.062  000.062: require('mason-core.providers')
053.745  000.094  000.094: require('mason-core.installer.registry.expr')
053.753  000.339  000.245: require('mason-core.installer.registry.link')
054.342  000.086  000.086: require('mason-core.receipt')
054.392  000.323  000.237: require('mason-core.installer.context')
054.466  000.071  000.071: require('mason-core.async.control')
054.564  000.097  000.097: require('mason-core.installer.linker')
054.568  000.628  000.137: require('mason-core.installer')
054.579  000.765  000.137: require('mason-core.installer.managers.std')
054.580  000.827  000.062: require('mason-core.installer.registry.schemas')
054.586  001.290  000.124: require('mason-core.installer.registry')
054.592  002.290  000.127: require('mason-registry.sources.github')
058.436  000.040  000.040: require('mason-core.functional.number')
058.453  000.172  000.132: require('mason-lspconfig.api.command')
058.652  000.073  000.073: require('cmp_nvim_lsp.source')
058.655  000.149  000.076: require('cmp_nvim_lsp')
058.658  000.203  000.054: require('Juanfang.lsp.handlers')
058.861  000.166  000.166: require('Juanfang.lsp.settings.lua_ls')
058.962  000.093  000.093: require('lspconfig.server_configurations.lua_ls')
059.710  000.035  000.035: require('Juanfang.lsp.settings.jsonls')
059.763  000.046  000.046: require('lspconfig.server_configurations.jsonls')
060.437  011.902  005.393: require('Juanfang.lsp.mason')
062.185  001.728  001.728: require('vim.diagnostic')
062.488  000.136  000.136: require('null-ls.utils')
062.497  000.220  000.084: require('null-ls.config')
062.576  000.041  000.041: require('null-ls.helpers.cache')
062.685  000.107  000.107: require('null-ls.helpers.diagnostics')
062.724  000.037  000.037: require('null-ls.helpers.formatter_factory')
062.957  000.061  000.061: require('null-ls.logger')
063.023  000.064  000.064: require('null-ls.state')
063.025  000.300  000.175: require('null-ls.helpers.generator_factory')
063.188  000.090  000.090: require('null-ls.helpers.command_resolver')
063.190  000.164  000.074: require('null-ls.helpers.make_builtin')
063.249  000.058  000.058: require('null-ls.helpers.range_formatting_args_factory')
063.250  000.752  000.046: require('null-ls.helpers')
063.614  000.096  000.096: require('null-ls.methods')
063.618  000.210  000.115: require('null-ls.diagnostics')
063.634  000.383  000.172: require('null-ls.sources')
063.695  000.058  000.058: require('null-ls.builtins')
063.705  001.488  000.075: require('null-ls')
063.777  000.070  000.070: require('null-ls.builtins.formatting.prettier')
063.832  000.047  000.047: require('null-ls.builtins.formatting.black')
063.983  000.143  000.143: require('null-ls.builtins.formatting.stylua')
064.360  000.140  000.140: require('null-ls.client')
064.382  002.191  000.304: require('Juanfang.lsp.null-ls')
064.384  028.269  000.055: require('Juanfang.lsp')
065.311  000.147  000.147: require('neo-tree.log')
065.328  000.014  000.014: require('ffi')
065.342  000.749  000.587: require('neo-tree.utils')
066.038  000.089  000.089: require('nui.object')
066.242  000.004  000.004: require('vim.keymap')
066.248  000.140  000.136: require('nui.utils')
066.254  000.213  000.072: require('nui.text')
066.278  000.395  000.093: require('nui.line')
066.543  000.056  000.056: require('nui.tree.util')
066.575  000.294  000.238: require('nui.tree')
066.860  000.051  000.051: require('nui.utils.buf_storage')
067.013  000.151  000.151: require('nui.utils.autocmd')
067.097  000.082  000.082: require('nui.utils.keymap')
067.297  000.097  000.097: require('nui.layout.utils')
067.300  000.201  000.104: require('nui.split.utils')
067.307  000.731  000.246: require('nui.split')
067.746  000.289  000.289: require('nui.popup.border')
067.756  000.448  000.158: require('nui.popup')
067.917  000.160  000.160: require('neo-tree.ui.highlights')
068.109  000.102  000.102: require('nui.input')
068.113  000.193  000.091: require('neo-tree.ui.popups')
068.364  000.073  000.073: require('neo-tree.collections')
068.367  000.183  000.110: require('neo-tree.events.queue')
068.370  000.256  000.073: require('neo-tree.events')
068.379  003.036  000.559: require('neo-tree.ui.renderer')
069.649  000.075  000.075: require('plenary.functional')
069.656  000.380  000.305: require('plenary.job')
069.662  000.596  000.216: require('neo-tree.sources.filesystem.lib.filter_external')
070.147  000.282  000.282: require('plenary.iterators')
070.761  000.178  000.178: require('plenary.bit')
070.781  000.631  000.454: require('plenary.path')
070.784  000.974  000.060: require('neo-tree.sources.common.file-nesting')
071.090  000.064  000.064: require('neo-tree.git.utils')
071.092  000.266  000.202: require('neo-tree.git.status')
071.207  000.114  000.114: require('neo-tree.git.ignored')
071.209  000.424  000.044: require('neo-tree.git')
071.211  001.548  000.150: require('neo-tree.sources.common.file-items')
071.321  000.109  000.109: require('neo-tree.sources.filesystem.lib.fs_watch')
071.648  000.054  000.054: require('plenary.tbl')
071.651  000.135  000.081: require('plenary.vararg.rotate')
071.652  000.175  000.040: require('plenary.vararg')
071.717  000.064  000.064: require('plenary.errors')
071.722  000.336  000.098: require('plenary.async.async')
072.073  000.077  000.077: require('plenary.async.structs')
072.079  000.203  000.126: require('plenary.async.control')
072.083  000.304  000.100: require('plenary.async.util')
072.085  000.361  000.057: require('plenary.async.tests')
072.086  000.764  000.067: require('plenary.async')
072.091  003.432  000.415: require('neo-tree.sources.filesystem.lib.fs_scan')
072.164  000.072  000.072: require('neo-tree.ui.inputs')
072.174  003.794  000.290: require('neo-tree.sources.manager')
072.753  000.232  000.232: require('neo-tree.defaults')
072.835  000.079  000.079: require('neo-tree.setup.mapping-helper')
073.139  000.107  000.107: require('neo-tree.command.parser')
073.233  000.092  000.092: require('neo-tree.command.completion')
073.236  000.311  000.112: require('neo-tree.command')
073.238  000.400  000.090: require('neo-tree.setup.netrw')
073.240  001.065  000.353: require('neo-tree.setup')
073.244  008.774  000.132: require('neo-tree')
073.568  000.101  000.101: require('neo-tree.setup.deprecations')
074.571  000.985  000.985: require('vim.version')
077.198  000.082  000.082: require('neo-tree.sources.filesystem.lib.globtopattern')
077.203  000.332  000.250: require('neo-tree.sources.filesystem')
077.461  000.120  000.120: require('neo-tree.sources.buffers.lib.items')
077.474  000.268  000.147: require('neo-tree.sources.buffers')
077.600  000.054  000.054: require('neo-tree.sources.git_status.lib.items')
077.604  000.126  000.072: require('neo-tree.sources.git_status')
078.215  000.175  000.175: require('neo-tree.sources.common.container')
078.219  000.392  000.217: require('neo-tree.sources.common.components')
078.241  000.471  000.079: require('neo-tree.sources.git_status.components')
079.556  000.514  000.514: require('plenary.scandir')
079.623  000.064  000.064: require('plenary')
079.636  000.977  000.399: require('neo-tree.sources.filesystem.lib.fs_actions')
079.770  000.132  000.132: require('neo-tree.sources.common.help')
080.186  000.414  000.414: require('neo-tree.sources.common.preview')
080.218  001.909  000.386: require('neo-tree.sources.common.commands')
080.270  002.027  000.117: require('neo-tree.sources.git_status.commands')
080.552  000.086  000.086: require('neo-tree.sources.buffers.components')
080.726  000.171  000.171: require('neo-tree.sources.buffers.commands')
080.967  000.066  000.066: require('neo-tree.sources.filesystem.components')
081.375  000.196  000.196: require('neo-tree.sources.filesystem.lib.filter')
081.392  000.422  000.226: require('neo-tree.sources.filesystem.commands')
082.512  018.127  004.298: require('Juanfang.neo-tree')
082.516  074.943  000.035: sourcing /home/juan/.config/nvim_fs/init.lua
082.523  004.470: sourcing vimrc file(s)
084.508  001.599  001.599: sourcing /tmp/.mount_nvim4BOYAC/usr/share/nvim/runtime/filetype.lua
086.614  000.268  000.268: sourcing /tmp/.mount_nvim4BOYAC/usr/share/nvim/runtime/syntax/synload.vim
086.754  001.258  000.991: sourcing /tmp/.mount_nvim4BOYAC/usr/share/nvim/runtime/syntax/syntax.vim
092.582  000.597  000.597: sourcing /tmp/.mount_nvim4BOYAC/usr/share/nvim/runtime/plugin/gzip.vim
092.858  000.140  000.140: sourcing /tmp/.mount_nvim4BOYAC/usr/share/nvim/runtime/plugin/health.vim
095.788  000.678  000.678: sourcing /tmp/.mount_nvim4BOYAC/usr/share/nvim/runtime/pack/dist/opt/matchit/plugin/matchit.vim
096.269  003.279  002.601: sourcing /tmp/.mount_nvim4BOYAC/usr/share/nvim/runtime/plugin/matchit.vim
096.488  000.163  000.163: sourcing /tmp/.mount_nvim4BOYAC/usr/share/nvim/runtime/plugin/matchparen.vim
096.616  000.061  000.061: sourcing /tmp/.mount_nvim4BOYAC/usr/share/nvim/runtime/plugin/netrwPlugin.vim
096.802  000.006  000.006: sourcing /home/juan/.local/share/nvim_fs/rplugin.vim
096.808  000.142  000.136: sourcing /tmp/.mount_nvim4BOYAC/usr/share/nvim/runtime/plugin/rplugin.vim
096.972  000.100  000.100: sourcing /tmp/.mount_nvim4BOYAC/usr/share/nvim/runtime/plugin/shada.vim
097.104  000.064  000.064: sourcing /tmp/.mount_nvim4BOYAC/usr/share/nvim/runtime/plugin/spellfile.vim
097.304  000.132  000.132: sourcing /tmp/.mount_nvim4BOYAC/usr/share/nvim/runtime/plugin/tarPlugin.vim
097.656  000.284  000.284: sourcing /tmp/.mount_nvim4BOYAC/usr/share/nvim/runtime/plugin/tohtml.vim
097.784  000.060  000.060: sourcing /tmp/.mount_nvim4BOYAC/usr/share/nvim/runtime/plugin/tutor.vim
098.004  000.152  000.152: sourcing /tmp/.mount_nvim4BOYAC/usr/share/nvim/runtime/plugin/zipPlugin.vim
099.049  000.898  000.898: sourcing /home/juan/.config/nvim_fs/plugin/packer_compiled.lua
099.801  000.136  000.136: sourcing /tmp/.mount_nvim4BOYAC/usr/share/nvim/runtime/plugin/editorconfig.lua
100.015  000.147  000.147: sourcing /tmp/.mount_nvim4BOYAC/usr/share/nvim/runtime/plugin/man.lua
100.215  000.132  000.132: sourcing /tmp/.mount_nvim4BOYAC/usr/share/nvim/runtime/plugin/nvim.lua
100.330  008.463: loading rtp plugins
100.507  000.019  000.019: sourcing /home/juan/.local/share/nvim_fs/site/pack/packer/start/LuaSnip/plugin/luasnip.vim
101.350  000.745  000.745: require('vim.filetype')
101.558  001.014  000.269: sourcing /home/juan/.local/share/nvim_fs/site/pack/packer/start/LuaSnip/plugin/luasnip.lua
101.769  000.026  000.026: sourcing /home/juan/.local/share/nvim_fs/site/pack/packer/start/neo-tree.nvim/plugin/neo-tree.vim
103.099  001.185  001.185: require('cmp.utils.highlight')
103.369  001.510  000.325: sourcing /home/juan/.local/share/nvim_fs/site/pack/packer/start/nvim-cmp/plugin/cmp.lua
104.151  000.703  000.703: sourcing /home/juan/.local/share/nvim_fs/site/pack/packer/start/nvim-lspconfig/plugin/lspconfig.lua
104.299  000.024  000.024: sourcing /home/juan/.local/share/nvim_fs/site/pack/packer/start/plenary.nvim/plugin/plenary.vim
104.698  001.072: loading packages
105.120  000.034  000.034: require('cmp_buffer.timer')
105.124  000.172  000.138: require('cmp_buffer.buffer')
105.126  000.246  000.074: require('cmp_buffer.source')
105.127  000.267  000.021: require('cmp_buffer')
105.146  000.297  000.030: sourcing /home/juan/.local/share/nvim_fs/site/pack/packer/start/cmp-buffer/after/plugin/cmp_buffer.lua
105.323  000.129  000.129: require('cmp_cmdline')
105.337  000.152  000.023: sourcing /home/juan/.local/share/nvim_fs/site/pack/packer/start/cmp-cmdline/after/plugin/cmp_cmdline.lua
105.393  000.019  000.019: sourcing /home/juan/.local/share/nvim_fs/site/pack/packer/start/cmp-nvim-lsp/after/plugin/cmp_nvim_lsp.lua
105.500  000.065  000.065: require('cmp_nvim_lua')
105.516  000.089  000.024: sourcing /home/juan/.local/share/nvim_fs/site/pack/packer/start/cmp-nvim-lua/after/plugin/cmp_nvim_lua.lua
105.712  000.154  000.154: require('cmp_path')
105.725  000.175  000.021: sourcing /home/juan/.local/share/nvim_fs/site/pack/packer/start/cmp-path/after/plugin/cmp_path.lua
105.881  000.100  000.100: require('cmp_luasnip')
105.906  000.142  000.042: sourcing /home/juan/.local/share/nvim_fs/site/pack/packer/start/cmp_luasnip/after/plugin/cmp_luasnip.lua
105.922  000.349: loading after plugins
105.934  000.011: inits 3
107.186  001.252: reading ShaDa
107.532  000.113  000.113: require('luasnip.loaders.from_lua')
107.674  000.126  000.126: require('luasnip.loaders.from_snipmate')
107.824  000.137  000.137: require('luasnip.loaders.from_vscode')
107.845  000.284: opening buffers
108.588  000.743: BufEnter autocommands
108.593  000.004: editing files in windows
108.595  000.003: VimEnter autocommands
108.597  000.002: UIEnter autocommands
109.519  000.572  000.572: sourcing /tmp/.mount_nvim4BOYAC/usr/share/nvim/runtime/autoload/provider/clipboard.vim
109.541  000.372: before starting main loop
110.699  001.158: first screen update
110.701  000.002: --- NVIM STARTED ---


times in msec
 clock   self+sourced   self:  sourced script
 clock   elapsed:              other lines

000.004  000.004: --- NVIM STARTING ---
010.643  010.640: event init
018.800  008.157: early init
018.915  000.115: locale set
022.990  004.074: init first window
029.741  006.752: inits 1
029.748  000.007: window checked
029.776  000.028: parsing arguments
034.178  000.031  000.031: require('vim.shared')
034.243  000.024  000.024: require('vim._meta')
034.245  000.064  000.040: require('vim._editor')
034.246  000.130  000.035: require('vim._init_packages')
034.249  004.343: init lua interpreter
034.767  000.517: expanding arguments
034.792  000.026: inits 2
035.043  000.251: init highlight
